[1.063][INFO]: COMMAND InitSession {
   "desiredCapabilities": {
      "browserName": "chrome",
      "chromeOptions": {
         "args": [  ],
         "extensions": [  ]
      },
      "platform": "ANY",
      "version": ""
   }
}
[1.064][INFO]: Populating Preferences file: {
   "alternate_error_pages": {
      "enabled": false
   },
   "autofill": {
      "enabled": false
   },
   "browser": {
      "check_default_browser": false
   },
   "distribution": {
      "import_bookmarks": false,
      "import_history": false,
      "import_search_engine": false,
      "make_chrome_default_for_user": false,
      "show_welcome_page": false,
      "skip_first_run_ui": true
   },
   "dns_prefetching": {
      "enabled": false
   },
   "profile": {
      "content_settings": {
         "pattern_pairs": {
            "https://*,*": {
               "media-stream": {
                  "audio": "Default",
                  "video": "Default"
               }
            }
         }
      },
      "default_content_setting_values": {
         "geolocation": 1
      },
      "default_content_settings": {
         "geolocation": 1,
         "mouselock": 1,
         "notifications": 1,
         "popups": 1,
         "ppapi-broker": 1
      },
      "password_manager_enabled": false
   },
   "safebrowsing": {
      "enabled": false
   },
   "search": {
      "suggest_enabled": false
   },
   "translate": {
      "enabled": false
   }
}
[1.064][INFO]: Populating Local State file: {
   "background_mode": {
      "enabled": false
   },
   "ssl": {
      "rev_checking": {
         "enabled": false
      }
   }
}
[1.067][INFO]: Launching chrome: "C:\Program Files (x86)\Google\Chrome\Application\chrome.exe" --disable-background-networking --disable-client-side-phishing-detection --disable-default-apps --disable-hang-monitor --disable-popup-blocking --disable-prompt-on-repost --disable-sync --disable-web-resources --enable-automation --enable-logging --force-fieldtrials=SiteIsolationExtensions/Control --ignore-certificate-errors --load-component-extension="C:\Users\DEEPAK~1.VER\AppData\Local\Temp\scoped_dir95104_21432\internal" --log-level=0 --metrics-recording-only --no-first-run --password-store=basic --remote-debugging-port=12099 --safebrowsing-disable-auto-update --test-type=webdriver --use-mock-keychain --user-data-dir="C:\Users\DEEPAK~1.VER\AppData\Local\Temp\scoped_dir95104_26502" data:,
[1.695][INFO]: resolved localhost to ["127.0.0.1"]
[1.706][INFO]: RESPONSE InitSession {
   "acceptSslCerts": true,
   "applicationCacheEnabled": false,
   "browserConnectionEnabled": false,
   "browserName": "chrome",
   "chrome": {
      "chromedriverVersion": "2.30.477700 (0057494ad8732195794a7b32078424f92a5fce41)",
      "userDataDir": "C:\\Users\\DEEPAK~1.VER\\AppData\\Local\\Temp\\scoped_dir95104_26502"
   },
   "cssSelectorsEnabled": true,
   "databaseEnabled": false,
   "handlesAlerts": true,
   "hasTouchScreen": false,
   "javascriptEnabled": true,
   "locationContextEnabled": true,
   "mobileEmulationEnabled": false,
   "nativeEvents": true,
   "networkConnectionEnabled": false,
   "pageLoadStrategy": "normal",
   "platform": "Windows NT",
   "rotatable": false,
   "takesHeapSnapshot": true,
   "takesScreenshot": true,
   "~~~": "..."
}
[1.720][INFO]: COMMAND SetTimeout {
   "ms": 60000,
   "type": "page load"
}
[1.720][INFO]: RESPONSE SetTimeout
[1.725][INFO]: COMMAND Navigate {
   "url": "http://novanetshoes-hmg03.ns2online.com.br/"
}
[1.725][INFO]: Waiting for pending navigations...
[1.732][INFO]: Done waiting for pending navigations. Status: ok
[3.348][INFO]: Waiting for pending navigations...
[3.375][INFO]: Done waiting for pending navigations. Status: ok
[3.375][INFO]: RESPONSE Navigate
[8.000][INFO]: COMMAND Quit {

}
[8.000][INFO]: RESPONSE Quit
